<?xml version="1.0" encoding="UTF-8"?>
<coverage generated="1741375449373" clover="3.2.0">
  <project timestamp="1741375449374" name="All files">
    <metrics statements="30" coveredstatements="18" conditionals="5" coveredconditionals="0" methods="18" coveredmethods="9" elements="53" coveredelements="27" complexity="0" loc="30" ncloc="30" packages="1" files="1" classes="1"/>
    <file name="app.ts" path="C:\Users\User\OneDrive\Documents\SE2\src\app.ts">
      <metrics statements="30" coveredstatements="18" conditionals="5" coveredconditionals="0" methods="18" coveredmethods="9"/>
      <line num="15" count="1" type="stmt"/>
      <line num="16" count="2" type="stmt"/>
      <line num="17" count="2" type="stmt"/>
      <line num="21" count="2" type="stmt"/>
      <line num="25" count="2" type="stmt"/>
      <line num="26" count="2" type="stmt"/>
      <line num="27" count="2" type="stmt"/>
      <line num="31" count="1" type="stmt"/>
      <line num="34" count="0" type="stmt"/>
      <line num="37" count="0" type="stmt"/>
      <line num="41" count="1" type="stmt"/>
      <line num="43" count="0" type="stmt"/>
      <line num="44" count="0" type="stmt"/>
      <line num="56" count="1" type="stmt"/>
      <line num="57" count="2" type="stmt"/>
      <line num="61" count="2" type="stmt"/>
      <line num="65" count="1" type="stmt"/>
      <line num="67" count="0" type="stmt"/>
      <line num="69" count="1" type="stmt"/>
      <line num="80" count="0" type="cond" truecount="0" falsecount="1"/>
      <line num="81" count="0" type="stmt"/>
      <line num="87" count="1" type="stmt"/>
      <line num="89" count="0" type="cond" truecount="0" falsecount="1"/>
      <line num="90" count="0" type="stmt"/>
      <line num="95" count="1" type="stmt"/>
      <line num="97" count="0" type="cond" truecount="0" falsecount="1"/>
      <line num="98" count="0" type="stmt"/>
      <line num="108" count="1" type="stmt"/>
      <line num="111" count="5" type="stmt"/>
      <line num="114" count="0" type="cond" truecount="0" falsecount="2"/>
    </file>
  </project>
</coverage>
