{"C:\\Users\\User\\OneDrive\\Documents\\SE2\\src\\app.ts": {"path":"C:\\Users\\User\\OneDrive\\Documents\\SE2\\src\\app.ts","statementMap":{"0":{"start":{"line":17,"column":22},"end":{"line":17,"column":43}},"1":{"start":{"line":17,"column":53},"end":{"line":17,"column":76}},"2":{"start":{"line":16,"column":10},"end":{"line":16,"column":31}},"3":{"start":{"line":21,"column":6},"end":{"line":21,"column":25}},"4":{"start":{"line":25,"column":27},"end":{"line":25,"column":68}},"5":{"start":{"line":26,"column":6},"end":{"line":26,"column":37}},"6":{"start":{"line":27,"column":6},"end":{"line":27,"column":30}},"7":{"start":{"line":31,"column":6},"end":{"line":31,"column":61}},"8":{"start":{"line":31,"column":44},"end":{"line":31,"column":59}},"9":{"start":{"line":34,"column":6},"end":{"line":34,"column":53}},"10":{"start":{"line":37,"column":6},"end":{"line":37,"column":61}},"11":{"start":{"line":15,"column":0},"end":{"line":15,"column":13}},"12":{"start":{"line":43,"column":6},"end":{"line":43,"column":70}},"13":{"start":{"line":44,"column":6},"end":{"line":44,"column":32}},"14":{"start":{"line":41,"column":0},"end":{"line":41,"column":13}},"15":{"start":{"line":57,"column":22},"end":{"line":57,"column":41}},"16":{"start":{"line":61,"column":6},"end":{"line":61,"column":55}},"17":{"start":{"line":61,"column":33},"end":{"line":61,"column":53}},"18":{"start":{"line":56,"column":0},"end":{"line":56,"column":13}},"19":{"start":{"line":67,"column":10},"end":{"line":67,"column":45}},"20":{"start":{"line":80,"column":10},"end":{"line":82,"column":11}},"21":{"start":{"line":81,"column":14},"end":{"line":81,"column":105}},"22":{"start":{"line":65,"column":2},"end":{"line":65,"column":15}},"23":{"start":{"line":69,"column":21},"end":{"line":78,"column":10}},"24":{"start":{"line":89,"column":10},"end":{"line":91,"column":11}},"25":{"start":{"line":90,"column":14},"end":{"line":90,"column":65}},"26":{"start":{"line":87,"column":0},"end":{"line":87,"column":13}},"27":{"start":{"line":97,"column":6},"end":{"line":99,"column":7}},"28":{"start":{"line":98,"column":10},"end":{"line":98,"column":57}},"29":{"start":{"line":95,"column":0},"end":{"line":95,"column":13}},"30":{"start":{"line":111,"column":6},"end":{"line":111,"column":69}},"31":{"start":{"line":111,"column":45},"end":{"line":111,"column":64}},"32":{"start":{"line":114,"column":6},"end":{"line":114,"column":79}},"33":{"start":{"line":108,"column":0},"end":{"line":108,"column":13}}},"fnMap":{"0":{"name":"(anonymous_0)","decl":{"start":{"line":17,"column":2},"end":{"line":17,"column":22}},"loc":{"start":{"line":17,"column":76},"end":{"line":19,"column":3}}},"1":{"name":"(anonymous_1)","decl":{"start":{"line":20,"column":2},"end":{"line":20,"column":11}},"loc":{"start":{"line":20,"column":11},"end":{"line":22,"column":3}}},"2":{"name":"(anonymous_2)","decl":{"start":{"line":23,"column":2},"end":{"line":23,"column":10}},"loc":{"start":{"line":23,"column":37},"end":{"line":29,"column":3}}},"3":{"name":"(anonymous_3)","decl":{"start":{"line":30,"column":2},"end":{"line":30,"column":10}},"loc":{"start":{"line":30,"column":21},"end":{"line":32,"column":3}}},"4":{"name":"(anonymous_4)","decl":{"start":{"line":31,"column":35},"end":{"line":31,"column":40}},"loc":{"start":{"line":31,"column":44},"end":{"line":31,"column":59}}},"5":{"name":"(anonymous_5)","decl":{"start":{"line":33,"column":2},"end":{"line":33,"column":17}},"loc":{"start":{"line":33,"column":17},"end":{"line":35,"column":3}}},"6":{"name":"(anonymous_6)","decl":{"start":{"line":36,"column":2},"end":{"line":36,"column":13}},"loc":{"start":{"line":36,"column":13},"end":{"line":38,"column":3}}},"7":{"name":"(anonymous_7)","decl":{"start":{"line":42,"column":2},"end":{"line":42,"column":10}},"loc":{"start":{"line":42,"column":21},"end":{"line":46,"column":3}}},"8":{"name":"(anonymous_8)","decl":{"start":{"line":57,"column":2},"end":{"line":57,"column":22}},"loc":{"start":{"line":57,"column":41},"end":{"line":59,"column":3}}},"9":{"name":"(anonymous_9)","decl":{"start":{"line":60,"column":2},"end":{"line":60,"column":10}},"loc":{"start":{"line":60,"column":23},"end":{"line":62,"column":3}}},"10":{"name":"(anonymous_10)","decl":{"start":{"line":61,"column":25},"end":{"line":61,"column":29}},"loc":{"start":{"line":61,"column":33},"end":{"line":61,"column":53}}},"11":{"name":"(anonymous_11)","decl":{"start":{"line":66,"column":6},"end":{"line":66,"column":22}},"loc":{"start":{"line":66,"column":22},"end":{"line":68,"column":7}}},"12":{"name":"(anonymous_12)","decl":{"start":{"line":79,"column":6},"end":{"line":79,"column":14}},"loc":{"start":{"line":79,"column":27},"end":{"line":83,"column":7}}},"13":{"name":"(anonymous_13)","decl":{"start":{"line":88,"column":6},"end":{"line":88,"column":14}},"loc":{"start":{"line":88,"column":27},"end":{"line":92,"column":7}}},"14":{"name":"(anonymous_14)","decl":{"start":{"line":96,"column":2},"end":{"line":96,"column":10}},"loc":{"start":{"line":96,"column":23},"end":{"line":100,"column":3}}},"15":{"name":"(anonymous_15)","decl":{"start":{"line":110,"column":9},"end":{"line":110,"column":19}},"loc":{"start":{"line":110,"column":35},"end":{"line":112,"column":3}}},"16":{"name":"(anonymous_16)","decl":{"start":{"line":111,"column":27},"end":{"line":111,"column":28}},"loc":{"start":{"line":111,"column":45},"end":{"line":111,"column":64}}},"17":{"name":"(anonymous_17)","decl":{"start":{"line":113,"column":9},"end":{"line":113,"column":27}},"loc":{"start":{"line":113,"column":43},"end":{"line":115,"column":3}}}},"branchMap":{"0":{"loc":{"start":{"line":80,"column":10},"end":{"line":82,"column":11}},"type":"if","locations":[{"start":{"line":80,"column":10},"end":{"line":82,"column":11}}]},"1":{"loc":{"start":{"line":89,"column":10},"end":{"line":91,"column":11}},"type":"if","locations":[{"start":{"line":89,"column":10},"end":{"line":91,"column":11}}]},"2":{"loc":{"start":{"line":97,"column":6},"end":{"line":99,"column":7}},"type":"if","locations":[{"start":{"line":97,"column":6},"end":{"line":99,"column":7}}]},"3":{"loc":{"start":{"line":114,"column":13},"end":{"line":114,"column":78}},"type":"cond-expr","locations":[{"start":{"line":114,"column":35},"end":{"line":114,"column":36}},{"start":{"line":114,"column":39},"end":{"line":114,"column":78}}]}},"s":{"0":2,"1":2,"2":2,"3":2,"4":2,"5":2,"6":2,"7":1,"8":1,"9":0,"10":0,"11":1,"12":0,"13":0,"14":1,"15":2,"16":2,"17":0,"18":1,"19":0,"20":0,"21":0,"22":1,"23":1,"24":0,"25":0,"26":1,"27":0,"28":0,"29":1,"30":1,"31":5,"32":0,"33":1},"f":{"0":2,"1":2,"2":2,"3":1,"4":1,"5":0,"6":0,"7":0,"8":2,"9":2,"10":0,"11":0,"12":0,"13":0,"14":0,"15":1,"16":5,"17":0},"b":{"0":[0],"1":[0],"2":[0],"3":[0,0]}}
}
