TN:
SF:src\app.ts
FN:17,(anonymous_0)
FN:20,(anonymous_1)
FN:23,(anonymous_2)
FN:30,(anonymous_3)
FN:31,(anonymous_4)
FN:33,(anonymous_5)
FN:36,(anonymous_6)
FN:42,(anonymous_7)
FN:57,(anonymous_8)
FN:60,(anonymous_9)
FN:61,(anonymous_10)
FN:66,(anonymous_11)
FN:79,(anonymous_12)
FN:88,(anonymous_13)
FN:96,(anonymous_14)
FN:110,(anonymous_15)
FN:111,(anonymous_16)
FN:113,(anonymous_17)
FNF:18
FNH:9
FNDA:2,(anonymous_0)
FNDA:2,(anonymous_1)
FNDA:2,(anonymous_2)
FNDA:1,(anonymous_3)
FNDA:1,(anonymous_4)
FNDA:0,(anonymous_5)
FNDA:0,(anonymous_6)
FNDA:0,(anonymous_7)
FNDA:2,(anonymous_8)
FNDA:2,(anonymous_9)
FNDA:0,(anonymous_10)
FNDA:0,(anonymous_11)
FNDA:0,(anonymous_12)
FNDA:0,(anonymous_13)
FNDA:0,(anonymous_14)
FNDA:1,(anonymous_15)
FNDA:5,(anonymous_16)
FNDA:0,(anonymous_17)
DA:15,1
DA:16,2
DA:17,2
DA:21,2
DA:25,2
DA:26,2
DA:27,2
DA:31,1
DA:34,0
DA:37,0
DA:41,1
DA:43,0
DA:44,0
DA:56,1
DA:57,2
DA:61,2
DA:65,1
DA:67,0
DA:69,1
DA:80,0
DA:81,0
DA:87,1
DA:89,0
DA:90,0
DA:95,1
DA:97,0
DA:98,0
DA:108,1
DA:111,5
DA:114,0
LF:30
LH:18
BRDA:80,0,0,0
BRDA:89,1,0,0
BRDA:97,2,0,0
BRDA:114,3,0,0
BRDA:114,3,1,0
BRF:5
BRH:0
end_of_record
